0 info it worked if it ends with ok
1 verbose cli [ '/usr/local/Cellar/node/4.2.1/bin/node',
1 verbose cli   '/usr/local/bin/npm',
1 verbose cli   'stop' ]
2 info using npm@2.14.7
3 info using node@v4.2.1
4 verbose run-script [ 'prestop', 'stop', 'poststop' ]
5 info prestop auth-service@0.0.0
6 info stop auth-service@0.0.0
7 verbose unsafe-perm in lifecycle true
8 info auth-service@0.0.0 Failed to exec stop script
9 verbose stack Error: auth-service@0.0.0 stop: `forever stop server.js`
9 verbose stack Exit status 1
9 verbose stack     at EventEmitter.<anonymous> (/usr/local/lib/node_modules/npm/lib/utils/lifecycle.js:214:16)
9 verbose stack     at emitTwo (events.js:87:13)
9 verbose stack     at EventEmitter.emit (events.js:172:7)
9 verbose stack     at ChildProcess.<anonymous> (/usr/local/lib/node_modules/npm/lib/utils/spawn.js:24:14)
9 verbose stack     at emitTwo (events.js:87:13)
9 verbose stack     at ChildProcess.emit (events.js:172:7)
9 verbose stack     at maybeClose (internal/child_process.js:818:16)
9 verbose stack     at Process.ChildProcess._handle.onexit (internal/child_process.js:211:5)
10 verbose pkgid auth-service@0.0.0
11 verbose cwd /Users/jasperlaagland/Documents/06.Development/04.Nodejs/05.auth-service/auth-service
12 error Darwin 15.0.0
13 error argv "/usr/local/Cellar/node/4.2.1/bin/node" "/usr/local/bin/npm" "stop"
14 error node v4.2.1
15 error npm  v2.14.7
16 error code ELIFECYCLE
17 error auth-service@0.0.0 stop: `forever stop server.js`
17 error Exit status 1
18 error Failed at the auth-service@0.0.0 stop script 'forever stop server.js'.
18 error This is most likely a problem with the auth-service package,
18 error not with npm itself.
18 error Tell the author that this fails on your system:
18 error     forever stop server.js
18 error You can get their info via:
18 error     npm owner ls auth-service
18 error There is likely additional logging output above.
19 verbose exit [ 1, true ]
